[debug] [2025-05-03T17:49:14.303Z] ----------------------------------------------------------------------
[debug] [2025-05-03T17:49:14.308Z] Command:       C:\Program Files\nodejs\node.exe C:\Users\promo\AppData\Roaming\npm\node_modules\firebase-tools\lib\bin\firebase.js init
[debug] [2025-05-03T17:49:14.309Z] CLI Version:   14.2.2
[debug] [2025-05-03T17:49:14.309Z] Platform:      win32
[debug] [2025-05-03T17:49:14.309Z] Node Version:  v20.11.1
[debug] [2025-05-03T17:49:14.309Z] Time:          Sat May 03 2025 23:19:14 GMT+0530 (India Standard Time)
[debug] [2025-05-03T17:49:14.309Z] ----------------------------------------------------------------------
[debug] 
[debug] [2025-05-03T17:49:14.317Z] > command requires scopes: ["email","openid","https://www.googleapis.com/auth/cloudplatformprojects.readonly","https://www.googleapis.com/auth/firebase","https://www.googleapis.com/auth/cloud-platform"]
[debug] [2025-05-03T17:49:14.318Z] > authorizing via signed-in user (promodvrindavanam@gmail.com)
[info] 
     ######## #### ########  ######## ########     ###     ######  ########
     ##        ##  ##     ## ##       ##     ##  ##   ##  ##       ##
     ######    ##  ########  ######   ########  #########  ######  ######
     ##        ##  ##    ##  ##       ##     ## ##     ##       ## ##
     ##       #### ##     ## ######## ########  ##     ##  ######  ########

You're about to initialize a Firebase project in this directory:

  C:\Users\promo\OneDrive\Documents\flutter\quiz\quiz_master

[info] 
=== Project Setup
[info] 
[info] First, let's associate this project directory with a Firebase project.
[info] You can create multiple project aliases by running firebase use --add, 
[info] but for now we'll just set up a default project.
[info] 
[debug] [2025-05-03T17:49:48.183Z] Checked if tokens are valid: true, expires at: 1746298060737
[debug] [2025-05-03T17:49:48.184Z] Checked if tokens are valid: true, expires at: 1746298060737
[debug] [2025-05-03T17:49:48.194Z] >>> [apiv2][query] GET https://firebase.googleapis.com/v1beta1/projects pageSize=100
[debug] [2025-05-03T17:49:49.431Z] <<< [apiv2][status] GET https://firebase.googleapis.com/v1beta1/projects 200
[debug] [2025-05-03T17:49:49.431Z] <<< [apiv2][body] GET https://firebase.googleapis.com/v1beta1/projects [omitted]
